<?xml version="1.0" encoding="UTF-8"?>
<!-- Generated by org.testng.reporters.JUnitReportReporter -->
<testsuite hostname="MSI" failures="0" tests="1" name="testCases.LoginTest" time="5.342" errors="0" timestamp="2024-04-19T18:30:59 EDT" skipped="0">
  <testcase classname="testCases.LoginTest" name="loginTest" time="5.342"/>
  <system-out/>
</testsuite> <!-- testCases.LoginTest -->
